{"/Users/arnthor/Development/github/react-offcharts-kpis/src/Components/Arc/ArcContainer.jsx": {"path":"/Users/arnthor/Development/github/react-offcharts-kpis/src/Components/Arc/ArcContainer.jsx","statementMap":{"0":{"start":{"line":15,"column":4},"end":{"line":15,"column":21}},"1":{"start":{"line":19,"column":4},"end":{"line":19,"column":21}},"2":{"start":{"line":23,"column":16},"end":{"line":23,"column":38}},"3":{"start":{"line":24,"column":4},"end":{"line":24,"column":64}},"4":{"start":{"line":25,"column":4},"end":{"line":25,"column":72}},"5":{"start":{"line":26,"column":24},"end":{"line":26,"column":59}},"6":{"start":{"line":27,"column":4},"end":{"line":27,"column":29}},"7":{"start":{"line":28,"column":4},"end":{"line":33,"column":37}},"8":{"start":{"line":31,"column":23},"end":{"line":31,"column":29}},"9":{"start":{"line":37,"column":17},"end":{"line":37,"column":39}},"10":{"start":{"line":38,"column":4},"end":{"line":52,"column":9}},"11":{"start":{"line":43,"column":27},"end":{"line":43,"column":53}},"12":{"start":{"line":44,"column":20},"end":{"line":44,"column":40}},"13":{"start":{"line":45,"column":22},"end":{"line":45,"column":50}},"14":{"start":{"line":46,"column":27},"end":{"line":46,"column":74}},"15":{"start":{"line":47,"column":20},"end":{"line":47,"column":75}},"16":{"start":{"line":48,"column":8},"end":{"line":48,"column":50}},"17":{"start":{"line":48,"column":20},"end":{"line":48,"column":49}},"18":{"start":{"line":51,"column":8},"end":{"line":51,"column":25}},"19":{"start":{"line":61,"column":4},"end":{"line":61,"column":19}},"20":{"start":{"line":65,"column":4},"end":{"line":67,"column":5}},"21":{"start":{"line":66,"column":6},"end":{"line":66,"column":18}},"22":{"start":{"line":68,"column":14},"end":{"line":68,"column":40}},"23":{"start":{"line":69,"column":23},"end":{"line":69,"column":79}},"24":{"start":{"line":70,"column":4},"end":{"line":77,"column":6}},"25":{"start":{"line":81,"column":4},"end":{"line":83,"column":5}},"26":{"start":{"line":82,"column":6},"end":{"line":82,"column":18}},"27":{"start":{"line":84,"column":14},"end":{"line":84,"column":40}},"28":{"start":{"line":85,"column":31},"end":{"line":85,"column":92}},"29":{"start":{"line":86,"column":4},"end":{"line":93,"column":6}},"30":{"start":{"line":97,"column":14},"end":{"line":97,"column":40}},"31":{"start":{"line":98,"column":4},"end":{"line":113,"column":6}},"32":{"start":{"line":102,"column":22},"end":{"line":102,"column":41}},"33":{"start":{"line":109,"column":24},"end":{"line":109,"column":43}}},"fnMap":{"0":{"name":"(anonymous_0)","decl":{"start":{"line":14,"column":2},"end":{"line":14,"column":3}},"loc":{"start":{"line":14,"column":22},"end":{"line":16,"column":3}}},"1":{"name":"(anonymous_1)","decl":{"start":{"line":18,"column":2},"end":{"line":18,"column":3}},"loc":{"start":{"line":18,"column":43},"end":{"line":20,"column":3}}},"2":{"name":"(anonymous_2)","decl":{"start":{"line":22,"column":2},"end":{"line":22,"column":3}},"loc":{"start":{"line":22,"column":14},"end":{"line":34,"column":3}}},"3":{"name":"(anonymous_3)","decl":{"start":{"line":31,"column":13},"end":{"line":31,"column":14}},"loc":{"start":{"line":31,"column":23},"end":{"line":31,"column":29}}},"4":{"name":"(anonymous_4)","decl":{"start":{"line":36,"column":2},"end":{"line":36,"column":3}},"loc":{"start":{"line":36,"column":12},"end":{"line":53,"column":3}}},"5":{"name":"(anonymous_5)","decl":{"start":{"line":42,"column":22},"end":{"line":42,"column":23}},"loc":{"start":{"line":42,"column":28},"end":{"line":49,"column":7}}},"6":{"name":"(anonymous_6)","decl":{"start":{"line":48,"column":15},"end":{"line":48,"column":16}},"loc":{"start":{"line":48,"column":20},"end":{"line":48,"column":49}}},"7":{"name":"(anonymous_7)","decl":{"start":{"line":50,"column":17},"end":{"line":50,"column":18}},"loc":{"start":{"line":50,"column":23},"end":{"line":52,"column":7}}},"8":{"name":"(anonymous_8)","decl":{"start":{"line":55,"column":2},"end":{"line":55,"column":3}},"loc":{"start":{"line":55,"column":9},"end":{"line":57,"column":3}}},"9":{"name":"(anonymous_9)","decl":{"start":{"line":59,"column":2},"end":{"line":59,"column":3}},"loc":{"start":{"line":59,"column":14},"end":{"line":62,"column":3}}},"10":{"name":"(anonymous_10)","decl":{"start":{"line":64,"column":2},"end":{"line":64,"column":3}},"loc":{"start":{"line":64,"column":21},"end":{"line":78,"column":3}}},"11":{"name":"(anonymous_11)","decl":{"start":{"line":80,"column":2},"end":{"line":80,"column":3}},"loc":{"start":{"line":80,"column":26},"end":{"line":94,"column":3}}},"12":{"name":"(anonymous_12)","decl":{"start":{"line":96,"column":2},"end":{"line":96,"column":3}},"loc":{"start":{"line":96,"column":11},"end":{"line":114,"column":3}}},"13":{"name":"(anonymous_13)","decl":{"start":{"line":102,"column":13},"end":{"line":102,"column":14}},"loc":{"start":{"line":102,"column":20},"end":{"line":102,"column":43}}},"14":{"name":"(anonymous_14)","decl":{"start":{"line":109,"column":15},"end":{"line":109,"column":16}},"loc":{"start":{"line":109,"column":22},"end":{"line":109,"column":45}}}},"branchMap":{"0":{"loc":{"start":{"line":44,"column":20},"end":{"line":44,"column":40}},"type":"binary-expr","locations":[{"start":{"line":44,"column":20},"end":{"line":44,"column":35}},{"start":{"line":44,"column":39},"end":{"line":44,"column":40}}]},"1":{"loc":{"start":{"line":65,"column":4},"end":{"line":67,"column":5}},"type":"if","locations":[{"start":{"line":65,"column":4},"end":{"line":67,"column":5}},{"start":{"line":65,"column":4},"end":{"line":67,"column":5}}]},"2":{"loc":{"start":{"line":81,"column":4},"end":{"line":83,"column":5}},"type":"if","locations":[{"start":{"line":81,"column":4},"end":{"line":83,"column":5}},{"start":{"line":81,"column":4},"end":{"line":83,"column":5}}]}},"s":{"0":0,"1":0,"2":0,"3":0,"4":0,"5":0,"6":0,"7":0,"8":0,"9":0,"10":0,"11":0,"12":0,"13":0,"14":0,"15":0,"16":0,"17":0,"18":0,"19":0,"20":0,"21":0,"22":0,"23":0,"24":0,"25":0,"26":0,"27":0,"28":0,"29":0,"30":0,"31":0,"32":0,"33":0},"f":{"0":0,"1":0,"2":0,"3":0,"4":0,"5":0,"6":0,"7":0,"8":0,"9":0,"10":0,"11":0,"12":0,"13":0,"14":0},"b":{"0":[0,0],"1":[0,0],"2":[0,0]},"_coverageSchema":"332fd63041d2c1bcb487cc26dd0d5f7d97098a6c","hash":"69c8057e7801b91d3324f3b3d65d91df72fd44bb"}
,"/Users/arnthor/Development/github/react-offcharts-kpis/src/Components/Arc/ArcKpi.jsx": {"path":"/Users/arnthor/Development/github/react-offcharts-kpis/src/Components/Arc/ArcKpi.jsx","statementMap":{"0":{"start":{"line":9,"column":15},"end":{"line":33,"column":1}},"1":{"start":{"line":10,"column":2},"end":{"line":32,"column":10}},"2":{"start":{"line":35,"column":0},"end":{"line":41,"column":2}}},"fnMap":{"0":{"name":"(anonymous_0)","decl":{"start":{"line":9,"column":15},"end":{"line":9,"column":16}},"loc":{"start":{"line":10,"column":2},"end":{"line":32,"column":10}}}},"branchMap":{},"s":{"0":1,"1":1,"2":1},"f":{"0":1},"b":{},"_coverageSchema":"332fd63041d2c1bcb487cc26dd0d5f7d97098a6c","hash":"8e7cade0a9b134cff73e5bf3302bf500da77329b"}
,"/Users/arnthor/Development/github/react-offcharts-kpis/src/Components/Arc/CenterText.jsx": {"path":"/Users/arnthor/Development/github/react-offcharts-kpis/src/Components/Arc/CenterText.jsx","statementMap":{"0":{"start":{"line":5,"column":14},"end":{"line":15,"column":1}},"1":{"start":{"line":6,"column":35},"end":{"line":6,"column":41}},"2":{"start":{"line":7,"column":13},"end":{"line":7,"column":30}},"3":{"start":{"line":8,"column":2},"end":{"line":14,"column":4}},"4":{"start":{"line":17,"column":0},"end":{"line":21,"column":2}},"5":{"start":{"line":23,"column":0},"end":{"line":28,"column":2}},"6":{"start":{"line":31,"column":19},"end":{"line":71,"column":1}},"7":{"start":{"line":32,"column":23},"end":{"line":32,"column":38}},"8":{"start":{"line":33,"column":13},"end":{"line":33,"column":36}},"9":{"start":{"line":35,"column":2},"end":{"line":70,"column":4}},"10":{"start":{"line":74,"column":0},"end":{"line":81,"column":2}}},"fnMap":{"0":{"name":"(anonymous_0)","decl":{"start":{"line":5,"column":14},"end":{"line":5,"column":15}},"loc":{"start":{"line":5,"column":55},"end":{"line":15,"column":1}}},"1":{"name":"(anonymous_1)","decl":{"start":{"line":31,"column":19},"end":{"line":31,"column":20}},"loc":{"start":{"line":31,"column":30},"end":{"line":71,"column":1}}}},"branchMap":{},"s":{"0":1,"1":0,"2":0,"3":0,"4":1,"5":1,"6":1,"7":0,"8":0,"9":0,"10":1},"f":{"0":0,"1":0},"b":{},"_coverageSchema":"332fd63041d2c1bcb487cc26dd0d5f7d97098a6c","hash":"919b4dc4d80f9e4ffdf5042af2ca99990f04fdf7"}
,"/Users/arnthor/Development/github/react-offcharts-kpis/src/Utils/arc_constants.js": {"path":"/Users/arnthor/Development/github/react-offcharts-kpis/src/Utils/arc_constants.js","statementMap":{"0":{"start":{"line":1,"column":20},"end":{"line":1,"column":35}},"1":{"start":{"line":2,"column":19},"end":{"line":2,"column":32}},"2":{"start":{"line":3,"column":26},"end":{"line":3,"column":44}},"3":{"start":{"line":4,"column":26},"end":{"line":4,"column":45}},"4":{"start":{"line":5,"column":27},"end":{"line":5,"column":46}},"5":{"start":{"line":6,"column":27},"end":{"line":6,"column":46}},"6":{"start":{"line":7,"column":33},"end":{"line":7,"column":58}},"7":{"start":{"line":8,"column":35},"end":{"line":8,"column":62}}},"fnMap":{},"branchMap":{},"s":{"0":1,"1":1,"2":1,"3":1,"4":1,"5":1,"6":1,"7":1},"f":{},"b":{},"_coverageSchema":"332fd63041d2c1bcb487cc26dd0d5f7d97098a6c","hash":"75f89d8faab438413278789e962da28f6561d932"}
,"/Users/arnthor/Development/github/react-offcharts-kpis/src/Utils/dimensions.js": {"path":"/Users/arnthor/Development/github/react-offcharts-kpis/src/Utils/dimensions.js","statementMap":{"0":{"start":{"line":4,"column":19},"end":{"line":10,"column":1}},"1":{"start":{"line":5,"column":2},"end":{"line":9,"column":18}},"2":{"start":{"line":12,"column":17},"end":{"line":16,"column":1}},"3":{"start":{"line":13,"column":2},"end":{"line":15,"column":17}},"4":{"start":{"line":18,"column":27},"end":{"line":20,"column":1}},"5":{"start":{"line":19,"column":2},"end":{"line":19,"column":72}},"6":{"start":{"line":23,"column":0},"end":{"line":25,"column":1}},"7":{"start":{"line":24,"column":2},"end":{"line":24,"column":48}},"8":{"start":{"line":28,"column":2},"end":{"line":32,"column":3}},"9":{"start":{"line":29,"column":21},"end":{"line":29,"column":72}},"10":{"start":{"line":30,"column":21},"end":{"line":30,"column":68}},"11":{"start":{"line":31,"column":4},"end":{"line":31,"column":34}},"12":{"start":{"line":35,"column":2},"end":{"line":47,"column":3}},"13":{"start":{"line":37,"column":6},"end":{"line":39,"column":38}},"14":{"start":{"line":42,"column":6},"end":{"line":44,"column":38}},"15":{"start":{"line":46,"column":4},"end":{"line":46,"column":38}}},"fnMap":{"0":{"name":"(anonymous_0)","decl":{"start":{"line":4,"column":19},"end":{"line":4,"column":20}},"loc":{"start":{"line":5,"column":2},"end":{"line":9,"column":18}}},"1":{"name":"(anonymous_1)","decl":{"start":{"line":12,"column":17},"end":{"line":12,"column":18}},"loc":{"start":{"line":13,"column":2},"end":{"line":15,"column":17}}},"2":{"name":"(anonymous_2)","decl":{"start":{"line":18,"column":27},"end":{"line":18,"column":28}},"loc":{"start":{"line":19,"column":2},"end":{"line":19,"column":72}}},"3":{"name":"(anonymous_3)","decl":{"start":{"line":23,"column":0},"end":{"line":23,"column":1}},"loc":{"start":{"line":24,"column":2},"end":{"line":24,"column":48}}},"4":{"name":"(anonymous_4)","decl":{"start":{"line":28,"column":2},"end":{"line":28,"column":3}},"loc":{"start":{"line":28,"column":58},"end":{"line":32,"column":3}}},"5":{"name":"(anonymous_5)","decl":{"start":{"line":35,"column":2},"end":{"line":35,"column":3}},"loc":{"start":{"line":35,"column":50},"end":{"line":47,"column":3}}}},"branchMap":{"0":{"loc":{"start":{"line":19,"column":11},"end":{"line":19,"column":35}},"type":"binary-expr","locations":[{"start":{"line":19,"column":11},"end":{"line":19,"column":23}},{"start":{"line":19,"column":27},"end":{"line":19,"column":35}}]},"1":{"loc":{"start":{"line":38,"column":16},"end":{"line":38,"column":40}},"type":"binary-expr","locations":[{"start":{"line":38,"column":16},"end":{"line":38,"column":28}},{"start":{"line":38,"column":32},"end":{"line":38,"column":40}}]},"2":{"loc":{"start":{"line":43,"column":16},"end":{"line":43,"column":44}},"type":"binary-expr","locations":[{"start":{"line":43,"column":16},"end":{"line":43,"column":32}},{"start":{"line":43,"column":36},"end":{"line":43,"column":44}}]}},"s":{"0":1,"1":0,"2":1,"3":0,"4":1,"5":0,"6":1,"7":0,"8":1,"9":0,"10":0,"11":0,"12":1,"13":0,"14":0,"15":0},"f":{"0":0,"1":0,"2":0,"3":0,"4":0,"5":0},"b":{"0":[0,0],"1":[0,0],"2":[0,0]},"_coverageSchema":"332fd63041d2c1bcb487cc26dd0d5f7d97098a6c","hash":"6c744474435cf82a615792eb71c645fc9dcca479"}
,"/Users/arnthor/Development/github/react-offcharts-kpis/src/Utils/props.js": {"path":"/Users/arnthor/Development/github/react-offcharts-kpis/src/Utils/props.js","statementMap":{"0":{"start":{"line":3,"column":29},"end":{"line":7,"column":2}},"1":{"start":{"line":9,"column":25},"end":{"line":15,"column":2}}},"fnMap":{},"branchMap":{},"s":{"0":1,"1":1},"f":{},"b":{},"_coverageSchema":"332fd63041d2c1bcb487cc26dd0d5f7d97098a6c","hash":"be9a935db920aa5c94c30862fc956bb473572f88"}
}
